<?xml version="1.0" encoding="UTF-8" ?>
<testsuite tests="14" failures="0" name="VehicleRegistryTest" time="0.182" errors="0" skipped="0">
  <properties>
[...]
</properties>
  <testcase classname="VehicleRegistryTest" name="equalsMethodForLicensePlate" time="0.004"/>
  <testcase classname="VehicleRegistryTest" name="addSearchRemove" time="0.041"/>
  <testcase classname="VehicleRegistryTest" name="noExtraVariablesInLicensePlate" time="0"/>
  <testcase classname="VehicleRegistryTest" name="hasAHashMap" time="0"/>
  <testcase classname="VehicleRegistryTest" name="licensePlateHashCode" time="0"/>
  <testcase classname="VehicleRegistryTest" name="removeMethod" time="0.001"/>
  <testcase classname="VehicleRegistryTest" name="printOwners" time="0.131"/>
  <testcase classname="VehicleRegistryTest" name="noParamsConstructor" time="0"/>
  <testcase classname="VehicleRegistryTest" name="addMethod" time="0.002"/>
  <testcase classname="VehicleRegistryTest" name="printLicensePlatesMethod2" time="0.001"/>
  <testcase classname="VehicleRegistryTest" name="printLicensePlatesMethod" time="0"/>
  <testcase classname="VehicleRegistryTest" name="getMethod" time="0.001"/>
  <testcase classname="VehicleRegistryTest" name="classIsPublic" time="0"/>
  <testcase classname="VehicleRegistryTest" name="noExtraVariables" time="0.001"/>
</testsuite>